C:\USERS\CHAN\DOCUMENTS\GITHUB\RUBERSYSTEM\RUBERSYSTEM\DEBUG\RUBERSYSTEM.EXE
C:\USERS\CHAN\DOCUMENTS\GITHUB\RUBERSYSTEM\RUBERSYSTEM\DEBUG\RUBERSYSTEM.ILK
C:\USERS\CHAN\DOCUMENTS\GITHUB\RUBERSYSTEM\RUBERSYSTEM\DEBUG\RUBERSYSTEM.PDB
C:\Users\chan\Documents\GitHub\RuberSystem\RuberSystem\RuberSystem\Debug\cl.command.1.tlog
C:\Users\chan\Documents\GitHub\RuberSystem\RuberSystem\RuberSystem\Debug\CL.read.1.tlog
C:\Users\chan\Documents\GitHub\RuberSystem\RuberSystem\RuberSystem\Debug\CL.write.1.tlog
C:\Users\chan\Documents\GitHub\RuberSystem\RuberSystem\RuberSystem\Debug\link.10408.read.1.tlog
C:\Users\chan\Documents\GitHub\RuberSystem\RuberSystem\RuberSystem\Debug\link.10408.write.1.tlog
C:\Users\chan\Documents\GitHub\RuberSystem\RuberSystem\RuberSystem\Debug\link.10408-cvtres.read.1.tlog
C:\Users\chan\Documents\GitHub\RuberSystem\RuberSystem\RuberSystem\Debug\link.10408-cvtres.write.1.tlog
C:\Users\chan\Documents\GitHub\RuberSystem\RuberSystem\RuberSystem\Debug\link.3032.read.1.tlog
C:\Users\chan\Documents\GitHub\RuberSystem\RuberSystem\RuberSystem\Debug\link.3032.write.1.tlog
C:\Users\chan\Documents\GitHub\RuberSystem\RuberSystem\RuberSystem\Debug\link.3032-cvtres.read.1.tlog
C:\Users\chan\Documents\GitHub\RuberSystem\RuberSystem\RuberSystem\Debug\link.3032-cvtres.write.1.tlog
C:\Users\chan\Documents\GitHub\RuberSystem\RuberSystem\RuberSystem\Debug\link.command.1.tlog
C:\Users\chan\Documents\GitHub\RuberSystem\RuberSystem\RuberSystem\Debug\link.read.1.tlog
C:\Users\chan\Documents\GitHub\RuberSystem\RuberSystem\RuberSystem\Debug\link.write.1.tlog
C:\Users\chan\Documents\GitHub\RuberSystem\RuberSystem\RuberSystem\Debug\link-cvtres.read.1.tlog
C:\Users\chan\Documents\GitHub\RuberSystem\RuberSystem\RuberSystem\Debug\link-cvtres.write.1.tlog
C:\USERS\CHAN\DOCUMENTS\GITHUB\RUBERSYSTEM\RUBERSYSTEM\RUBERSYSTEM\DEBUG\MAIN.OBJ
C:\Users\chan\Documents\GitHub\RuberSystem\RuberSystem\RuberSystem\Debug\mt.command.1.tlog
C:\Users\chan\Documents\GitHub\RuberSystem\RuberSystem\RuberSystem\Debug\mt.read.1.tlog
C:\Users\chan\Documents\GitHub\RuberSystem\RuberSystem\RuberSystem\Debug\mt.write.1.tlog
C:\Users\chan\Documents\GitHub\RuberSystem\RuberSystem\RuberSystem\Debug\rc.command.1.tlog
C:\Users\chan\Documents\GitHub\RuberSystem\RuberSystem\RuberSystem\Debug\rc.read.1.tlog
C:\Users\chan\Documents\GitHub\RuberSystem\RuberSystem\RuberSystem\Debug\rc.write.1.tlog
C:\USERS\CHAN\DOCUMENTS\GITHUB\RUBERSYSTEM\RUBERSYSTEM\RUBERSYSTEM\DEBUG\RUBERSYSTEM.EXE.EMBED.MANIFEST
C:\USERS\CHAN\DOCUMENTS\GITHUB\RUBERSYSTEM\RUBERSYSTEM\RUBERSYSTEM\DEBUG\RUBERSYSTEM.EXE.EMBED.MANIFEST.RES
C:\USERS\CHAN\DOCUMENTS\GITHUB\RUBERSYSTEM\RUBERSYSTEM\RUBERSYSTEM\DEBUG\RUBERSYSTEM.EXE.INTERMEDIATE.MANIFEST
C:\Users\chan\Documents\GitHub\RuberSystem\RuberSystem\RuberSystem\Debug\RuberSystem.vcxprojResolveAssemblyReference.cache
C:\Users\chan\Documents\GitHub\RuberSystem\RuberSystem\RuberSystem\Debug\RuberSystem.write.1.tlog
C:\Users\chan\Documents\GitHub\RuberSystem\RuberSystem\RuberSystem\Debug\RuberSystem_manifest.rc
C:\Users\chan\Documents\GitHub\RuberSystem\RuberSystem\RuberSystem\Debug\vc100.idb
C:\USERS\CHAN\DOCUMENTS\GITHUB\RUBERSYSTEM\RUBERSYSTEM\RUBERSYSTEM\DEBUG\VC100.PDB
