Build started 12/16/2012 3:43:41 PM.
     1>Project "C:\Users\chan\Desktop\RuberSystem\RuberSystem\RuberSystem\RuberSystem.vcxproj" on node 2 (build target(s)).
     1>InitializeBuildStatus:
         Creating "Debug\RuberSystem.unsuccessfulbuild" because "AlwaysCreate" was specified.
       ClCompile:
         c:\Program Files (x86)\Microsoft Visual Studio 10.0\VC\bin\CL.exe /c /ZI /nologo /W3 /WX- /Od /Oy- /D WIN32 /D _DEBUG /D _CONSOLE /D _UNICODE /D UNICODE /Gm /EHsc /RTC1 /MDd /GS /fp:precise /Zc:wchar_t /Zc:forScope /Fo"Debug\\" /Fd"Debug\vc100.pdb" /Gd /TP /analyze- /errorReport:prompt main.cpp
         main.cpp
     1>c:\users\chan\desktop\rubersystem\rubersystem\rubersystem\object3d.h(163): warning C4482: nonstandard extension used: enum 'colors::color_name' used in qualified name
     1>c:\users\chan\desktop\rubersystem\rubersystem\rubersystem\object3d.h(168): warning C4482: nonstandard extension used: enum 'colors::color_name' used in qualified name
     1>c:\users\chan\desktop\rubersystem\rubersystem\rubersystem\object3d.h(173): warning C4482: nonstandard extension used: enum 'colors::color_name' used in qualified name
     1>c:\users\chan\desktop\rubersystem\rubersystem\rubersystem\object3d.h(217): warning C4482: nonstandard extension used: enum 'colors::color_name' used in qualified name
     1>c:\users\chan\desktop\rubersystem\rubersystem\rubersystem\sun.h(103): warning C4482: nonstandard extension used: enum 'colors::color_name' used in qualified name
     1>c:\users\chan\desktop\rubersystem\rubersystem\rubersystem\galaxy.h(114): warning C4482: nonstandard extension used: enum 'light::light_type' used in qualified name
     1>c:\users\chan\desktop\rubersystem\rubersystem\rubersystem\galaxy.h(301): warning C4482: nonstandard extension used: enum 'galaxy::default_camera_type' used in qualified name
     1>c:\users\chan\desktop\rubersystem\rubersystem\rubersystem\galaxy.h(340): warning C4482: nonstandard extension used: enum 'galaxy::default_camera_type' used in qualified name
     1>c:\users\chan\desktop\rubersystem\rubersystem\rubersystem\galaxy.h(544): warning C4482: nonstandard extension used: enum 'spaceship::direction' used in qualified name
     1>c:\users\chan\desktop\rubersystem\rubersystem\rubersystem\galaxy.h(546): warning C4482: nonstandard extension used: enum 'spaceship::direction' used in qualified name
     1>c:\users\chan\desktop\rubersystem\rubersystem\rubersystem\galaxy.h(548): warning C4482: nonstandard extension used: enum 'spaceship::direction' used in qualified name
     1>c:\users\chan\desktop\rubersystem\rubersystem\rubersystem\galaxy.h(550): warning C4482: nonstandard extension used: enum 'spaceship::direction' used in qualified name
     1>c:\users\chan\desktop\rubersystem\rubersystem\rubersystem\galaxy.h(566): warning C4482: nonstandard extension used: enum 'spaceship::direction' used in qualified name
     1>c:\users\chan\desktop\rubersystem\rubersystem\rubersystem\galaxy.h(568): warning C4482: nonstandard extension used: enum 'spaceship::direction' used in qualified name
     1>c:\users\chan\desktop\rubersystem\rubersystem\rubersystem\galaxy.h(685): warning C4482: nonstandard extension used: enum 'galaxy::viewing_mode' used in qualified name
     1>c:\users\chan\desktop\rubersystem\rubersystem\rubersystem\galaxy.h(693): warning C4482: nonstandard extension used: enum 'galaxy::viewing_mode' used in qualified name
     1>c:\users\chan\desktop\rubersystem\rubersystem\rubersystem\galaxy.h(722): warning C4482: nonstandard extension used: enum 'galaxy::information_mode' used in qualified name
     1>c:\users\chan\desktop\rubersystem\rubersystem\rubersystem\galaxy.h(723): warning C4482: nonstandard extension used: enum 'galaxy::information_mode' used in qualified name
     1>c:\users\chan\desktop\rubersystem\rubersystem\rubersystem\galaxy.h(726): warning C4482: nonstandard extension used: enum 'galaxy::information_mode' used in qualified name
     1>c:\users\chan\desktop\rubersystem\rubersystem\rubersystem\galaxy.h(727): warning C4482: nonstandard extension used: enum 'galaxy::information_mode' used in qualified name
     1>c:\users\chan\desktop\rubersystem\rubersystem\rubersystem\galaxy.h(730): warning C4482: nonstandard extension used: enum 'galaxy::information_mode' used in qualified name
     1>c:\users\chan\desktop\rubersystem\rubersystem\rubersystem\galaxy.h(731): warning C4482: nonstandard extension used: enum 'galaxy::information_mode' used in qualified name
     1>c:\users\chan\desktop\rubersystem\rubersystem\rubersystem\galaxy.h(734): warning C4482: nonstandard extension used: enum 'galaxy::information_mode' used in qualified name
     1>c:\users\chan\desktop\rubersystem\rubersystem\rubersystem\galaxy.h(735): warning C4482: nonstandard extension used: enum 'galaxy::information_mode' used in qualified name
     1>c:\users\chan\desktop\rubersystem\rubersystem\rubersystem\galaxy.h(738): warning C4482: nonstandard extension used: enum 'galaxy::information_mode' used in qualified name
     1>c:\users\chan\desktop\rubersystem\rubersystem\rubersystem\galaxy.h(739): warning C4482: nonstandard extension used: enum 'galaxy::information_mode' used in qualified name
     1>c:\users\chan\desktop\rubersystem\rubersystem\rubersystem\galaxy.h(742): warning C4482: nonstandard extension used: enum 'galaxy::information_mode' used in qualified name
     1>c:\users\chan\desktop\rubersystem\rubersystem\rubersystem\galaxy.h(743): warning C4482: nonstandard extension used: enum 'galaxy::information_mode' used in qualified name
     1>c:\users\chan\desktop\rubersystem\rubersystem\rubersystem\galaxy.h(746): warning C4482: nonstandard extension used: enum 'galaxy::information_mode' used in qualified name
     1>c:\users\chan\desktop\rubersystem\rubersystem\rubersystem\galaxy.h(747): warning C4482: nonstandard extension used: enum 'galaxy::information_mode' used in qualified name
     1>c:\users\chan\desktop\rubersystem\rubersystem\rubersystem\galaxy.h(1040): warning C4018: '<' : signed/unsigned mismatch
     1>c:\users\chan\desktop\rubersystem\rubersystem\rubersystem\galaxy.h(1048): warning C4018: '<' : signed/unsigned mismatch
     1>c:\users\chan\desktop\rubersystem\rubersystem\rubersystem\galaxy.h(1205): warning C4018: '<' : signed/unsigned mismatch
     1>c:\users\chan\desktop\rubersystem\rubersystem\rubersystem\galaxy.h(1297): warning C4482: nonstandard extension used: enum 'galaxy::information_mode' used in qualified name
     1>c:\users\chan\desktop\rubersystem\rubersystem\rubersystem\galaxy.h(1301): warning C4482: nonstandard extension used: enum 'galaxy::information_mode' used in qualified name
     1>c:\users\chan\desktop\rubersystem\rubersystem\rubersystem\galaxy.h(1305): warning C4482: nonstandard extension used: enum 'galaxy::information_mode' used in qualified name
     1>c:\users\chan\desktop\rubersystem\rubersystem\rubersystem\galaxy.h(1309): warning C4482: nonstandard extension used: enum 'galaxy::information_mode' used in qualified name
     1>c:\users\chan\desktop\rubersystem\rubersystem\rubersystem\galaxy.h(1313): warning C4482: nonstandard extension used: enum 'galaxy::information_mode' used in qualified name
     1>c:\users\chan\desktop\rubersystem\rubersystem\rubersystem\galaxy.h(1317): warning C4482: nonstandard extension used: enum 'galaxy::information_mode' used in qualified name
     1>c:\users\chan\desktop\rubersystem\rubersystem\rubersystem\galaxy.h(1321): warning C4482: nonstandard extension used: enum 'galaxy::information_mode' used in qualified name
     1>c:\users\chan\desktop\rubersystem\rubersystem\rubersystem\driver.h(82): warning C4482: nonstandard extension used: enum 'galaxy::viewing_mode' used in qualified name
     1>c:\users\chan\desktop\rubersystem\rubersystem\rubersystem\driver.h(91): warning C4482: nonstandard extension used: enum 'galaxy::viewing_mode' used in qualified name
     1>c:\users\chan\desktop\rubersystem\rubersystem\rubersystem\driver.h(100): warning C4482: nonstandard extension used: enum 'galaxy::viewing_mode' used in qualified name
     1>c:\users\chan\desktop\rubersystem\rubersystem\rubersystem\driver.h(127): warning C4482: nonstandard extension used: enum 'galaxy::information_mode' used in qualified name
     1>c:\users\chan\desktop\rubersystem\rubersystem\rubersystem\driver.h(128): warning C4482: nonstandard extension used: enum 'galaxy::information_mode' used in qualified name
     1>c:\users\chan\desktop\rubersystem\rubersystem\rubersystem\driver.h(129): warning C4482: nonstandard extension used: enum 'galaxy::information_mode' used in qualified name
     1>c:\users\chan\desktop\rubersystem\rubersystem\rubersystem\driver.h(130): warning C4482: nonstandard extension used: enum 'galaxy::information_mode' used in qualified name
     1>c:\users\chan\desktop\rubersystem\rubersystem\rubersystem\driver.h(131): warning C4482: nonstandard extension used: enum 'galaxy::information_mode' used in qualified name
     1>c:\users\chan\desktop\rubersystem\rubersystem\rubersystem\driver.h(132): warning C4482: nonstandard extension used: enum 'galaxy::information_mode' used in qualified name
     1>c:\users\chan\desktop\rubersystem\rubersystem\rubersystem\driver.h(133): warning C4482: nonstandard extension used: enum 'galaxy::information_mode' used in qualified name
     1>c:\users\chan\desktop\rubersystem\rubersystem\rubersystem\driver.h(181): warning C4482: nonstandard extension used: enum 'texture::texture_type' used in qualified name
     1>c:\users\chan\desktop\rubersystem\rubersystem\rubersystem\driver.h(185): warning C4482: nonstandard extension used: enum 'texture::texture_type' used in qualified name
     1>c:\users\chan\desktop\rubersystem\rubersystem\rubersystem\driver.h(189): warning C4482: nonstandard extension used: enum 'texture::texture_type' used in qualified name
     1>c:\users\chan\desktop\rubersystem\rubersystem\rubersystem\driver.h(193): warning C4482: nonstandard extension used: enum 'texture::texture_type' used in qualified name
     1>c:\users\chan\desktop\rubersystem\rubersystem\rubersystem\driver.h(197): warning C4482: nonstandard extension used: enum 'texture::texture_type' used in qualified name
     1>c:\users\chan\desktop\rubersystem\rubersystem\rubersystem\driver.h(201): warning C4482: nonstandard extension used: enum 'texture::texture_type' used in qualified name
     1>c:\users\chan\desktop\rubersystem\rubersystem\rubersystem\driver.h(205): warning C4482: nonstandard extension used: enum 'texture::texture_type' used in qualified name
     1>c:\users\chan\desktop\rubersystem\rubersystem\rubersystem\driver.h(209): warning C4482: nonstandard extension used: enum 'texture::texture_type' used in qualified name
     1>c:\users\chan\desktop\rubersystem\rubersystem\rubersystem\driver.h(213): warning C4482: nonstandard extension used: enum 'texture::texture_type' used in qualified name
     1>c:\users\chan\desktop\rubersystem\rubersystem\rubersystem\driver.h(217): warning C4482: nonstandard extension used: enum 'texture::texture_type' used in qualified name
     1>c:\users\chan\desktop\rubersystem\rubersystem\rubersystem\driver.h(221): warning C4482: nonstandard extension used: enum 'texture::texture_type' used in qualified name
     1>c:\users\chan\desktop\rubersystem\rubersystem\rubersystem\driver.h(225): warning C4482: nonstandard extension used: enum 'texture::texture_type' used in qualified name
     1>c:\users\chan\desktop\rubersystem\rubersystem\rubersystem\driver.h(229): warning C4482: nonstandard extension used: enum 'texture::texture_type' used in qualified name
     1>c:\users\chan\desktop\rubersystem\rubersystem\rubersystem\driver.h(233): warning C4482: nonstandard extension used: enum 'texture::texture_type' used in qualified name
     1>c:\users\chan\desktop\rubersystem\rubersystem\rubersystem\driver.h(238): warning C4482: nonstandard extension used: enum 'texture::texture_type' used in qualified name
     1>c:\users\chan\desktop\rubersystem\rubersystem\rubersystem\triangle_loader.h(69): warning C4996: 'fopen': This function or variable may be unsafe. Consider using fopen_s instead. To disable deprecation, use _CRT_SECURE_NO_WARNINGS. See online help for details.
                 c:\program files (x86)\microsoft visual studio 10.0\vc\include\stdio.h(234) : see declaration of 'fopen'
     1>c:\users\chan\desktop\rubersystem\rubersystem\rubersystem\triangle_loader.h(88): warning C4996: 'fscanf': This function or variable may be unsafe. Consider using fscanf_s instead. To disable deprecation, use _CRT_SECURE_NO_WARNINGS. See online help for details.
                 c:\program files (x86)\microsoft visual studio 10.0\vc\include\stdio.h(253) : see declaration of 'fscanf'
     1>c:\users\chan\desktop\rubersystem\rubersystem\rubersystem\triangle_loader.h(96): warning C4996: 'fscanf': This function or variable may be unsafe. Consider using fscanf_s instead. To disable deprecation, use _CRT_SECURE_NO_WARNINGS. See online help for details.
                 c:\program files (x86)\microsoft visual studio 10.0\vc\include\stdio.h(253) : see declaration of 'fscanf'
     1>c:\program files (x86)\microsoft visual studio 10.0\vc\include\utility(163): warning C4244: 'initializing' : conversion from 'double' to 'float', possible loss of data
                 c:\program files (x86)\microsoft visual studio 10.0\vc\include\utility(247) : see reference to function template instantiation 'std::_Pair_base<_Ty1,_Ty2>::_Pair_base<_Ty,double&>(_Other1 &&,_Other2)' being compiled
                 with
                 [
                     _Ty1=util::vector3<float>,
                     _Ty2=float,
                     _Ty=util::vector3<float>,
                     _Other1=util::vector3<float>,
                     _Other2=double &
                 ]
                 c:\users\chan\desktop\rubersystem\rubersystem\rubersystem\galaxy.h(194) : see reference to function template instantiation 'std::pair<_Ty1,_Ty2>::pair<util::vector3<T>,double&>(_Other1 &&,_Other2)' being compiled
                 with
                 [
                     _Ty1=util::vector3<float>,
                     _Ty2=float,
                     T=float,
                     _Other1=util::vector3<float>,
                     _Other2=double &
                 ]
       ManifestResourceCompile:
         C:\Program Files (x86)\Microsoft SDKs\Windows\v7.0A\bin\rc.exe /nologo /fo"Debug\RuberSystem.exe.embed.manifest.res" Debug\RuberSystem_manifest.rc 
       Link:
         c:\Program Files (x86)\Microsoft Visual Studio 10.0\VC\bin\link.exe /ERRORREPORT:PROMPT /OUT:"C:\Users\chan\Desktop\RuberSystem\RuberSystem\Debug\RuberSystem.exe" /INCREMENTAL /NOLOGO glut32.lib glu32.lib opengl32.lib kernel32.lib user32.lib gdi32.lib winspool.lib comdlg32.lib advapi32.lib shell32.lib ole32.lib oleaut32.lib uuid.lib odbc32.lib odbccp32.lib /MANIFEST /ManifestFile:"Debug\RuberSystem.exe.intermediate.manifest" /MANIFESTUAC:"level='asInvoker' uiAccess='false'" /DEBUG /PDB:"C:\Users\chan\Desktop\RuberSystem\RuberSystem\Debug\RuberSystem.pdb" /SUBSYSTEM:CONSOLE /TLBID:1 /DYNAMICBASE /NXCOMPAT /IMPLIB:"C:\Users\chan\Desktop\RuberSystem\RuberSystem\Debug\RuberSystem.lib" /MACHINE:X86 Debug\RuberSystem.exe.embed.manifest.res
         Debug\main.obj
       Manifest:
         C:\Program Files (x86)\Microsoft SDKs\Windows\v7.0A\bin\mt.exe /nologo /verbose /out:"Debug\RuberSystem.exe.embed.manifest" /manifest Debug\RuberSystem.exe.intermediate.manifest
         C:\Program Files (x86)\Microsoft SDKs\Windows\v7.0A\bin\rc.exe /nologo /fo"Debug\RuberSystem.exe.embed.manifest.res" Debug\RuberSystem_manifest.rc 
       LinkEmbedManifest:
         c:\Program Files (x86)\Microsoft Visual Studio 10.0\VC\bin\link.exe /ERRORREPORT:PROMPT /OUT:"C:\Users\chan\Desktop\RuberSystem\RuberSystem\Debug\RuberSystem.exe" /INCREMENTAL /NOLOGO glut32.lib glu32.lib opengl32.lib kernel32.lib user32.lib gdi32.lib winspool.lib comdlg32.lib advapi32.lib shell32.lib ole32.lib oleaut32.lib uuid.lib odbc32.lib odbccp32.lib /MANIFEST /ManifestFile:"Debug\RuberSystem.exe.intermediate.manifest" /MANIFESTUAC:"level='asInvoker' uiAccess='false'" /DEBUG /PDB:"C:\Users\chan\Desktop\RuberSystem\RuberSystem\Debug\RuberSystem.pdb" /SUBSYSTEM:CONSOLE /TLBID:1 /DYNAMICBASE /NXCOMPAT /IMPLIB:"C:\Users\chan\Desktop\RuberSystem\RuberSystem\Debug\RuberSystem.lib" /MACHINE:X86 Debug\RuberSystem.exe.embed.manifest.res
         Debug\main.obj
         RuberSystem.vcxproj -> C:\Users\chan\Desktop\RuberSystem\RuberSystem\Debug\RuberSystem.exe
       FinalizeBuildStatus:
         Deleting file "Debug\RuberSystem.unsuccessfulbuild".
         Touching "Debug\RuberSystem.lastbuildstate".
     1>Done Building Project "C:\Users\chan\Desktop\RuberSystem\RuberSystem\RuberSystem\RuberSystem.vcxproj" (build target(s)).

Build succeeded.

Time Elapsed 00:00:07.02
